<?xml version="1.0" encoding="UTF-8"?>
<!-- Generated by org.testng.reporters.JUnitReportReporter -->
<testsuite hostname="LakshmananSelva" failures="0" tests="1" name="com.facilities.generic.admin.AddProduct" time="17.387" errors="0" timestamp="2025-04-10T21:08:19 IST" skipped="0">
  <testcase classname="com.facilities.generic.admin.AddProduct" name="manageDetails" time="17.387"/>
  <system-out/>
</testsuite> <!-- com.facilities.generic.admin.AddProduct -->
