<?xml version="1.0" encoding="UTF-8"?>
<!-- Generated by org.testng.reporters.JUnitReportReporter -->
<testsuite hostname="LakshmananSelva" failures="0" tests="2" name="com.facilities.generic.admin.Clickable" time="4.295" errors="0" timestamp="2025-04-10T15:20:18 IST" skipped="0">
  <testcase classname="com.facilities.generic.admin.Clickable" name="visible" time="2.799"/>
  <system-out/>
  <testcase classname="com.facilities.generic.admin.Clickable" name="visibles" time="1.496"/>
  <system-out/>
</testsuite> <!-- com.facilities.generic.admin.Clickable -->
