<?xml version="1.0" encoding="UTF-8"?>
<!-- Generated by org.testng.reporters.JUnitReportReporter -->
<testsuite hostname="LakshmananSelva" failures="0" tests="2" name="com.facilities.generic.admin.Clickable" time="4.935" errors="0" timestamp="2025-04-10T11:32:08 IST" skipped="0">
  <testcase classname="com.facilities.generic.admin.Clickable" name="visibles" time="1.897"/>
  <testcase classname="com.facilities.generic.admin.Clickable" name="visible" time="3.038"/>
</testsuite> <!-- com.facilities.generic.admin.Clickable -->
