<?xml version="1.0" encoding="UTF-8"?>
<!-- Generated by org.testng.reporters.JUnitReportReporter -->
<testsuite hostname="LakshmananSelva" failures="0" tests="2" name="com.facilities.generic.admin.Retailer" time="10.670" errors="0" timestamp="2025-04-10T11:32:08 IST" skipped="0">
  <testcase classname="com.facilities.generic.admin.Retailer" name="profile" time="2.460"/>
  <testcase classname="com.facilities.generic.admin.Retailer" name="Retailerclass" time="8.210"/>
</testsuite> <!-- com.facilities.generic.admin.Retailer -->
