<?xml version="1.0" encoding="UTF-8"?>
<!-- Generated by org.testng.reporters.JUnitReportReporter -->
<testsuite hostname="LakshmananSelva" failures="0" tests="1" name="com.facilities.generic.admin.Delete" time="5.658" errors="0" timestamp="2025-04-10T11:32:08 IST" skipped="0">
  <testcase classname="com.facilities.generic.admin.Delete" name="deleteclass" time="5.658"/>
</testsuite> <!-- com.facilities.generic.admin.Delete -->
