<?xml version="1.0" encoding="UTF-8"?>
<!-- Generated by org.testng.reporters.JUnitReportReporter -->
<testsuite hostname="LakshmananSelva" failures="0" tests="1" name="com.facilities.generic.admin.Retailer" time="10.167" errors="0" timestamp="2025-04-10T16:00:19 IST" skipped="0">
  <testcase classname="com.facilities.generic.admin.Retailer" name="Retailerclass" time="10.167"/>
  <system-out/>
</testsuite> <!-- com.facilities.generic.admin.Retailer -->
