<?xml version="1.0" encoding="UTF-8"?>
<!-- Generated by org.testng.reporters.JUnitReportReporter -->
<testsuite hostname="LakshmananSelva" failures="0" tests="3" name="com.facilities.generic.admin.AddProduct" time="37.854" errors="0" timestamp="2025-04-10T11:32:08 IST" skipped="0">
  <testcase classname="com.facilities.generic.admin.AddProduct" name="manageDetails" time="12.931"/>
  <testcase classname="com.facilities.generic.admin.AddProduct" name="manufacturerlogin" time="9.344"/>
  <testcase classname="com.facilities.generic.admin.AddProduct" name="adminpage" time="15.579"/>
</testsuite> <!-- com.facilities.generic.admin.AddProduct -->
